The system is: Linux - 4.4.0-19041-Microsoft - x86_64
Compiling the C compiler identification source file "CMakeCCompilerId.c" succeeded.
Compiler: /usr/bin/cc 
Build flags: 
Id flags:  

The output was:
0


Compilation of the C compiler identification source "CMakeCCompilerId.c" produced "a.out"

The C compiler identification is GNU, found in "/mnt/c/Users/Prohor Miroslavskiy/CLionProjects/Final_bike/build/CMakeFiles/3.16.3/CompilerIdC/a.out"

Determining if the C compiler works passed with the following output:
Change Dir: /mnt/c/Users/Prohor Miroslavskiy/CLionProjects/Final_bike/build/CMakeFiles/CMakeTmp

Run Build Command(s):/usr/bin/make cmTC_7f840/fast && /usr/bin/make -f CMakeFiles/cmTC_7f840.dir/build.make CMakeFiles/cmTC_7f840.dir/build
make[1]: Entering directory '/mnt/c/Users/Prohor Miroslavskiy/CLionProjects/Final_bike/build/CMakeFiles/CMakeTmp'
Building C object CMakeFiles/cmTC_7f840.dir/testCCompiler.c.o
/usr/bin/cc    -o CMakeFiles/cmTC_7f840.dir/testCCompiler.c.o   -c "/mnt/c/Users/Prohor Miroslavskiy/CLionProjects/Final_bike/build/CMakeFiles/CMakeTmp/testCCompiler.c"
Linking C executable cmTC_7f840
/usr/bin/cmake -E cmake_link_script CMakeFiles/cmTC_7f840.dir/link.txt --verbose=1
/usr/bin/cc      CMakeFiles/cmTC_7f840.dir/testCCompiler.c.o  -o cmTC_7f840 
make[1]: Leaving directory '/mnt/c/Users/Prohor Miroslavskiy/CLionProjects/Final_bike/build/CMakeFiles/CMakeTmp'



Compiling the CXX compiler identification source file "CMakeCXXCompilerId.cpp" succeeded.
Compiler: /usr/bin/g++ 
Build flags: 
Id flags:  

The output was:
0


Compilation of the CXX compiler identification source "CMakeCXXCompilerId.cpp" produced "a.out"

The CXX compiler identification is GNU, found in "/mnt/c/Users/Prohor Miroslavskiy/CLionProjects/Final_bike/build/CMakeFiles/3.16.3/CompilerIdCXX/a.out"

Determining if the CXX compiler works passed with the following output:
Change Dir: /mnt/c/Users/Prohor Miroslavskiy/CLionProjects/Final_bike/build/CMakeFiles/CMakeTmp

Run Build Command(s):/usr/bin/make cmTC_fc007/fast && /usr/bin/make -f CMakeFiles/cmTC_fc007.dir/build.make CMakeFiles/cmTC_fc007.dir/build
make[1]: Entering directory '/mnt/c/Users/Prohor Miroslavskiy/CLionProjects/Final_bike/build/CMakeFiles/CMakeTmp'
Building CXX object CMakeFiles/cmTC_fc007.dir/testCXXCompiler.cxx.o
/usr/bin/g++    -std=gnu++14 -o CMakeFiles/cmTC_fc007.dir/testCXXCompiler.cxx.o -c "/mnt/c/Users/Prohor Miroslavskiy/CLionProjects/Final_bike/build/CMakeFiles/CMakeTmp/testCXXCompiler.cxx"
Linking CXX executable cmTC_fc007
/usr/bin/cmake -E cmake_link_script CMakeFiles/cmTC_fc007.dir/link.txt --verbose=1
/usr/bin/g++       CMakeFiles/cmTC_fc007.dir/testCXXCompiler.cxx.o  -o cmTC_fc007 
make[1]: Leaving directory '/mnt/c/Users/Prohor Miroslavskiy/CLionProjects/Final_bike/build/CMakeFiles/CMakeTmp'



